<?xml version="1.0" encoding="UTF-8"?>
<testng-results ignored="0" total="1" passed="1" failed="0" skipped="0">
  <reporter-output>
  </reporter-output>
  <suite started-at="2023-09-22T15:35:42 IST" name="Default suite" finished-at="2023-09-22T15:36:37 IST" duration-ms="55364">
    <groups>
    </groups>
    <test started-at="2023-09-22T15:35:42 IST" name="Default test" finished-at="2023-09-22T15:36:37 IST" duration-ms="55364">
      <class name="practice_wide_range_of_scenarios_selenium.makeMyTrip_scenario">
        <test-method signature="featch_details_of_roundTrip()[pri:0, instance:practice_wide_range_of_scenarios_selenium.makeMyTrip_scenario@4b45a2f5]" started-at="2023-09-22T15:35:42 IST" name="featch_details_of_roundTrip" finished-at="2023-09-22T15:36:37 IST" duration-ms="55300" status="PASS">
          <reporter-output>
          </reporter-output>
        </test-method> <!-- featch_details_of_roundTrip -->
      </class> <!-- practice_wide_range_of_scenarios_selenium.makeMyTrip_scenario -->
    </test> <!-- Default test -->
  </suite> <!-- Default suite -->
</testng-results>
